[0504/054354.592:ERROR:process_info.cc(375)] NtQuerySystemInformation SystemExtendedHandleInformation: Insufficient system resources exist to complete the API. (0xc000009a)
[0504/054354.644:ERROR:process_info.cc(375)] NtQuerySystemInformation SystemExtendedHandleInformation: Insufficient system resources exist to complete the API. (0xc000009a)
[0507/173906.476:ERROR:scoped_process_suspend.cc(31)] NtSuspendProcess: An attempt was made to access an exiting process. (0xc000010a)
[0507/173910.142:ERROR:process_info.cc(118)] ReadProcessMemory bool __cdecl crashpad::(anonymous namespace)::ReadStruct(HANDLE, crashpad::WinVMAddress, T *) [T = crashpad::process_types::PEB<crashpad::process_types::internal::Traits32>]: Only part of a ReadProcessMemory or WriteProcessMemory request was completed. (0x12B)
[0507/173910.420:ERROR:process_info.cc(551)] ReadProcessData failed
[0509/234850.309:ERROR:http_transport_win.cc(276)] WinHttpSendRequest: The operation completed successfully. (0x0)
[0509/234850.309:ERROR:http_transport_win.cc(276)] WinHttpSendRequest: The operation completed successfully. (0x0)
[0509/234851.634:ERROR:http_transport_win.cc(276)] WinHttpSendRequest: The operation completed successfully. (0x0)
[0509/234852.117:ERROR:http_transport_win.cc(276)] WinHttpSendRequest: The operation completed successfully. (0x0)
[0509/234852.545:ERROR:http_transport_win.cc(276)] WinHttpSendRequest: The operation completed successfully. (0x0)
[0509/234853.135:ERROR:process_reader_win.cc(151)] SuspendThread: Access is denied. (0x5)
[0509/234853.162:ERROR:http_transport_win.cc(276)] WinHttpSendRequest: The operation completed successfully. (0x0)
[0509/234853.491:ERROR:http_transport_win.cc(276)] WinHttpSendRequest: The operation completed successfully. (0x0)
[0509/234854.512:ERROR:http_transport_win.cc(276)] WinHttpSendRequest: The operation completed successfully. (0x0)
[0509/234854.852:ERROR:http_transport_win.cc(276)] WinHttpSendRequest: The operation completed successfully. (0x0)
[0509/234854.907:ERROR:process_reader_win.cc(151)] SuspendThread: Access is denied. (0x5)
[0509/234855.256:ERROR:http_transport_win.cc(276)] WinHttpSendRequest: The operation completed successfully. (0x0)
[0509/234855.627:ERROR:http_transport_win.cc(276)] WinHttpSendRequest: The operation completed successfully. (0x0)
[0509/234856.137:ERROR:http_transport_win.cc(276)] WinHttpSendRequest: The operation completed successfully. (0x0)
[0509/234856.303:ERROR:http_transport_win.cc(276)] WinHttpSendRequest: The operation completed successfully. (0x0)
[0509/234856.578:ERROR:process_reader_win.cc(151)] SuspendThread: Access is denied. (0x5)
[0509/234856.580:ERROR:process_reader_win.cc(151)] SuspendThread: Access is denied. (0x5)
[0509/234856.580:ERROR:process_reader_win.cc(151)] SuspendThread: Access is denied. (0x5)
[0509/234856.580:ERROR:process_reader_win.cc(151)] SuspendThread: Access is denied. (0x5)
[0509/234856.580:ERROR:process_reader_win.cc(151)] SuspendThread: Access is denied. (0x5)
[0509/234856.580:ERROR:process_reader_win.cc(151)] SuspendThread: Access is denied. (0x5)
[0509/234856.580:ERROR:process_reader_win.cc(151)] SuspendThread: Access is denied. (0x5)
[0509/234856.580:ERROR:process_reader_win.cc(151)] SuspendThread: Access is denied. (0x5)
[0509/234856.580:ERROR:process_reader_win.cc(151)] SuspendThread: Access is denied. (0x5)
[0509/234856.697:ERROR:http_transport_win.cc(276)] WinHttpSendRequest: The operation completed successfully. (0x0)
[0509/234857.015:ERROR:process_reader_win.cc(151)] SuspendThread: Access is denied. (0x5)
[0509/234857.032:ERROR:process_reader_win.cc(151)] SuspendThread: Access is denied. (0x5)
[0509/234857.032:ERROR:process_reader_win.cc(151)] SuspendThread: Access is denied. (0x5)
[0509/234857.032:ERROR:process_reader_win.cc(151)] SuspendThread: Access is denied. (0x5)
[0509/234857.032:ERROR:process_reader_win.cc(151)] SuspendThread: Access is denied. (0x5)
[0509/234857.032:ERROR:process_reader_win.cc(151)] SuspendThread: Access is denied. (0x5)
[0509/234857.033:ERROR:process_reader_win.cc(151)] SuspendThread: Access is denied. (0x5)
[0509/234857.094:ERROR:http_transport_win.cc(276)] WinHttpSendRequest: The operation completed successfully. (0x0)
[0509/234857.105:ERROR:process_reader_win.cc(151)] SuspendThread: Access is denied. (0x5)
[0509/234857.105:ERROR:process_reader_win.cc(151)] SuspendThread: Access is denied. (0x5)
[0509/234857.333:ERROR:process_reader_win.cc(151)] SuspendThread: Access is denied. (0x5)
[0509/234857.378:ERROR:http_transport_win.cc(276)] WinHttpSendRequest: The operation completed successfully. (0x0)
[0509/234857.633:ERROR:process_reader_win.cc(151)] SuspendThread: Access is denied. (0x5)
[0509/234857.658:ERROR:http_transport_win.cc(276)] WinHttpSendRequest: The operation completed successfully. (0x0)
[0509/234857.961:ERROR:http_transport_win.cc(276)] WinHttpSendRequest: The operation completed successfully. (0x0)
[0509/234857.947:ERROR:process_reader_win.cc(151)] SuspendThread: Access is denied. (0x5)
[0509/234857.986:ERROR:process_reader_win.cc(151)] SuspendThread: Access is denied. (0x5)
[0509/234857.986:ERROR:process_reader_win.cc(151)] SuspendThread: Access is denied. (0x5)
[0509/234857.986:ERROR:process_reader_win.cc(151)] SuspendThread: Access is denied. (0x5)
[0509/234857.987:ERROR:process_reader_win.cc(151)] SuspendThread: Access is denied. (0x5)
[0509/234857.987:ERROR:process_reader_win.cc(151)] SuspendThread: Access is denied. (0x5)
[0509/234858.260:ERROR:http_transport_win.cc(276)] WinHttpSendRequest: The operation completed successfully. (0x0)
[0509/234858.819:ERROR:process_reader_win.cc(151)] SuspendThread: Access is denied. (0x5)
[0509/234858.821:ERROR:process_reader_win.cc(151)] SuspendThread: Access is denied. (0x5)
[0509/234858.821:ERROR:process_reader_win.cc(151)] SuspendThread: Access is denied. (0x5)
[0509/234858.821:ERROR:process_reader_win.cc(151)] SuspendThread: Access is denied. (0x5)
[0509/234858.822:ERROR:process_reader_win.cc(151)] SuspendThread: Access is denied. (0x5)
[0509/234858.822:ERROR:process_reader_win.cc(151)] SuspendThread: Access is denied. (0x5)
[0509/234858.822:ERROR:process_reader_win.cc(151)] SuspendThread: Access is denied. (0x5)
[0509/234858.822:ERROR:process_reader_win.cc(151)] SuspendThread: Access is denied. (0x5)
[0509/234858.822:ERROR:process_reader_win.cc(151)] SuspendThread: Access is denied. (0x5)
[0509/234858.936:ERROR:http_transport_win.cc(276)] WinHttpSendRequest: The operation completed successfully. (0x0)
[0509/234859.231:ERROR:process_reader_win.cc(151)] SuspendThread: Access is denied. (0x5)
[0509/234859.232:ERROR:process_reader_win.cc(151)] SuspendThread: Access is denied. (0x5)
[0509/234859.233:ERROR:process_reader_win.cc(151)] SuspendThread: Access is denied. (0x5)
[0509/234859.233:ERROR:process_reader_win.cc(151)] SuspendThread: Access is denied. (0x5)
[0509/234859.233:ERROR:process_reader_win.cc(151)] SuspendThread: Access is denied. (0x5)
[0509/234859.233:ERROR:process_reader_win.cc(151)] SuspendThread: Access is denied. (0x5)
[0509/234859.233:ERROR:process_reader_win.cc(151)] SuspendThread: Access is denied. (0x5)
[0509/234859.233:ERROR:process_reader_win.cc(151)] SuspendThread: Access is denied. (0x5)
[0509/234859.233:ERROR:process_reader_win.cc(151)] SuspendThread: Access is denied. (0x5)
[0509/234859.283:ERROR:http_transport_win.cc(276)] WinHttpSendRequest: The operation completed successfully. (0x0)
[0509/234859.597:ERROR:http_transport_win.cc(276)] WinHttpSendRequest: The operation completed successfully. (0x0)
[0509/234902.700:ERROR:process_reader_win.cc(151)] SuspendThread: Access is denied. (0x5)
[0509/234904.060:ERROR:process_reader_win.cc(151)] SuspendThread: Access is denied. (0x5)
